<?xml version="1.0" encoding="UTF-8" ?>
<testsuite tests="3" failures="3" name="com.xxx.hadoop1.TestMapFile" time="0.938" errors="0" skipped="0">
  <properties>
    <property name="java.runtime.name" value="Java(TM) SE Runtime Environment"/>
    <property name="sun.boot.library.path" value="D:\jdk\jdk1.8\jre\bin"/>
    <property name="java.vm.version" value="25.91-b15"/>
    <property name="java.vm.vendor" value="Oracle Corporation"/>
    <property name="maven.multiModuleProjectDirectory" value="F:\java_file\java_self\hadoop\Maven\hadoop1"/>
    <property name="java.vendor.url" value="http://java.oracle.com/"/>
    <property name="path.separator" value=";"/>
    <property name="guice.disable.misplaced.annotation.check" value="true"/>
    <property name="java.vm.name" value="Java HotSpot(TM) 64-Bit Server VM"/>
    <property name="file.encoding.pkg" value="sun.io"/>
    <property name="user.script" value=""/>
    <property name="user.country" value="CN"/>
    <property name="sun.java.launcher" value="SUN_STANDARD"/>
    <property name="sun.os.patch.level" value="Service Pack 1"/>
    <property name="java.vm.specification.name" value="Java Virtual Machine Specification"/>
    <property name="user.dir" value="F:\java_file\java_self\hadoop\Maven\hadoop1"/>
    <property name="java.runtime.version" value="1.8.0_91-b15"/>
    <property name="java.awt.graphicsenv" value="sun.awt.Win32GraphicsEnvironment"/>
    <property name="java.endorsed.dirs" value="D:\jdk\jdk1.8\jre\lib\endorsed"/>
    <property name="os.arch" value="amd64"/>
    <property name="java.io.tmpdir" value="C:\Users\lenovo\AppData\Local\Temp\"/>
    <property name="line.separator" value="
"/>
    <property name="java.vm.specification.vendor" value="Oracle Corporation"/>
    <property name="user.variant" value=""/>
    <property name="os.name" value="Windows 7"/>
    <property name="classworlds.conf" value="F:\java_file\java_self\java_workspace\.metadata\.plugins\org.eclipse.m2e.launching\launches\m2conf3088714347580623606.tmp"/>
    <property name="sun.jnu.encoding" value="GBK"/>
    <property name="java.library.path" value="D:\jdk\jdk1.8\bin;C:\Windows\Sun\Java\bin;C:\Windows\system32;C:\Windows;D:/jdk/jre1.8/bin/server;D:/jdk/jre1.8/bin;D:/jdk/jre1.8/lib/amd64;D:\Oracle_install\product\11.2.0\dbhome_1\bin;D:\Python3.5\Scripts\;D:\Python3.5\;C:\ProgramData\Oracle\Java\javapath;C:\Windows\system32;C:\Windows;C:\Windows\System32\Wbem;C:\Windows\System32\WindowsPowerShell\v1.0\;C:\Program Files\Intel\WiFi\bin\;C:\Program Files\Common Files\Intel\WirelessCommon\;D:\jdk\jdk1.8\bin;D:\SVN\bin;D:\MySql\bin;D:\星环ODBC4.6\Transwarp ODBC Driver For Inceptor\Kerberos;D:\星环ODBC4.6\Transwarp ODBC Driver For Inceptor\Runtime;D:\UE编辑器;D:\MySql\bin;C:\Program Files\Intel\WiFi\bin\;C:\Program Files\Common Files\Intel\WirelessCommon\;D:\eclipse\eclipse-jee-mars-2-win32-x86_64\eclipse;;."/>
    <property name="java.specification.name" value="Java Platform API Specification"/>
    <property name="java.class.version" value="52.0"/>
    <property name="sun.management.compiler" value="HotSpot 64-Bit Tiered Compilers"/>
    <property name="os.version" value="6.1"/>
    <property name="user.home" value="C:\Users\lenovo"/>
    <property name="user.timezone" value="Asia/Shanghai"/>
    <property name="java.awt.printerjob" value="sun.awt.windows.WPrinterJob"/>
    <property name="java.specification.version" value="1.8"/>
    <property name="file.encoding" value="GBK"/>
    <property name="user.name" value="lenovo"/>
    <property name="java.class.path" value="/D:/eclipse/eclipse-jee-mars-2-win32-x86_64/eclipse/plugins/org.eclipse.m2e.maven.runtime_1.6.2.20150902-0001/jars/plexus-classworlds-2.5.2.jar"/>
    <property name="java.vm.specification.version" value="1.8"/>
    <property name="sun.arch.data.model" value="64"/>
    <property name="java.home" value="D:\jdk\jdk1.8\jre"/>
    <property name="sun.java.command" value="org.codehaus.plexus.classworlds.launcher.Launcher -B install"/>
    <property name="java.specification.vendor" value="Oracle Corporation"/>
    <property name="user.language" value="zh"/>
    <property name="awt.toolkit" value="sun.awt.windows.WToolkit"/>
    <property name="java.vm.info" value="mixed mode"/>
    <property name="java.version" value="1.8.0_91"/>
    <property name="java.ext.dirs" value="D:\jdk\jdk1.8\jre\lib\ext;C:\Windows\Sun\Java\lib\ext"/>
    <property name="sun.boot.class.path" value="D:\jdk\jdk1.8\jre\lib\resources.jar;D:\jdk\jdk1.8\jre\lib\rt.jar;D:\jdk\jdk1.8\jre\lib\sunrsasign.jar;D:\jdk\jdk1.8\jre\lib\jsse.jar;D:\jdk\jdk1.8\jre\lib\jce.jar;D:\jdk\jdk1.8\jre\lib\charsets.jar;D:\jdk\jdk1.8\jre\lib\jfr.jar;D:\jdk\jdk1.8\jre\classes"/>
    <property name="java.vendor" value="Oracle Corporation"/>
    <property name="maven.home" value="F:\java_file\java_self\hadoop\Maven\hadoop1\EMBEDDED"/>
    <property name="file.separator" value="\"/>
    <property name="java.vendor.url.bug" value="http://bugreport.sun.com/bugreport/"/>
    <property name="sun.cpu.endian" value="little"/>
    <property name="sun.io.unicode.encoding" value="UnicodeLittle"/>
    <property name="sun.desktop" value="windows"/>
    <property name="sun.cpu.isalist" value="amd64"/>
  </properties>
  <testcase classname="com.xxx.hadoop1.TestMapFile" name="com.xxx.hadoop1.TestMapFile.testSearchClosest" time="0.576">
    <failure type="java.io.EOFException">java.io.EOFException
	at java.io.DataInputStream.readFully(DataInputStream.java:197)
	at java.io.DataInputStream.readFully(DataInputStream.java:169)
	at org.apache.hadoop.io.SequenceFile$Reader.init(SequenceFile.java:1915)
	at org.apache.hadoop.io.SequenceFile$Reader.initialize(SequenceFile.java:1880)
	at org.apache.hadoop.io.SequenceFile$Reader.&lt;init&gt;(SequenceFile.java:1829)
	at org.apache.hadoop.io.MapFile$Reader.createDataFileReader(MapFile.java:456)
	at org.apache.hadoop.io.MapFile$Reader.open(MapFile.java:429)
	at org.apache.hadoop.io.MapFile$Reader.&lt;init&gt;(MapFile.java:399)
	at org.apache.hadoop.io.MapFile$Reader.&lt;init&gt;(MapFile.java:408)
	at com.xxx.hadoop1.TestMapFile.testSearchClosest(TestMapFile.java:76)
</failure>
    <system-err>17/07/25 15:14:48 ERROR util.Shell: Failed to locate the winutils binary in the hadoop binary path
java.io.IOException: Could not locate executable null\bin\winutils.exe in the Hadoop binaries.
	at org.apache.hadoop.util.Shell.getQualifiedBinPath(Shell.java:356)
	at org.apache.hadoop.util.Shell.getWinUtilsPath(Shell.java:371)
	at org.apache.hadoop.util.Shell.&lt;clinit&gt;(Shell.java:364)
	at org.apache.hadoop.util.StringUtils.&lt;clinit&gt;(StringUtils.java:80)
	at org.apache.hadoop.fs.FileSystem$Cache$Key.&lt;init&gt;(FileSystem.java:2807)
	at org.apache.hadoop.fs.FileSystem$Cache$Key.&lt;init&gt;(FileSystem.java:2802)
	at org.apache.hadoop.fs.FileSystem$Cache.get(FileSystem.java:2668)
	at org.apache.hadoop.fs.FileSystem.get(FileSystem.java:371)
	at org.apache.hadoop.fs.FileSystem.get(FileSystem.java:170)
	at com.xxx.hadoop1.TestMapFile.testSearchClosest(TestMapFile.java:74)
	at sun.reflect.NativeMethodAccessorImpl.invoke0(Native Method)
	at sun.reflect.NativeMethodAccessorImpl.invoke(NativeMethodAccessorImpl.java:62)
	at sun.reflect.DelegatingMethodAccessorImpl.invoke(DelegatingMethodAccessorImpl.java:43)
	at java.lang.reflect.Method.invoke(Method.java:498)
	at org.apache.maven.surefire.junit.PojoTestSet.executeTestMethod(PojoTestSet.java:151)
	at org.apache.maven.surefire.junit.PojoTestSet.executeTestMethods(PojoTestSet.java:102)
	at org.apache.maven.surefire.junit.PojoTestSet.execute(PojoTestSet.java:83)
	at org.apache.maven.surefire.junit.JUnit3Provider.executeTestSet(JUnit3Provider.java:121)
	at org.apache.maven.surefire.junit.JUnit3Provider.invoke(JUnit3Provider.java:98)
	at sun.reflect.NativeMethodAccessorImpl.invoke0(Native Method)
	at sun.reflect.NativeMethodAccessorImpl.invoke(NativeMethodAccessorImpl.java:62)
	at sun.reflect.DelegatingMethodAccessorImpl.invoke(DelegatingMethodAccessorImpl.java:43)
	at java.lang.reflect.Method.invoke(Method.java:498)
	at org.apache.maven.surefire.util.ReflectionUtils.invokeMethodWithArray(ReflectionUtils.java:189)
	at org.apache.maven.surefire.booter.ProviderFactory$ProviderProxy.invoke(ProviderFactory.java:165)
	at org.apache.maven.surefire.booter.ProviderFactory.invokeProvider(ProviderFactory.java:85)
	at org.apache.maven.surefire.booter.ForkedBooter.runSuitesInProcess(ForkedBooter.java:115)
	at org.apache.maven.surefire.booter.ForkedBooter.main(ForkedBooter.java:75)
17/07/25 15:14:48 WARN util.NativeCodeLoader: Unable to load native-hadoop library for your platform... using builtin-java classes where applicable
</system-err>
  </testcase>
  <testcase classname="com.xxx.hadoop1.TestMapFile" name="com.xxx.hadoop1.TestMapFile.testWrite" time="0.317">
    <failure type="java.lang.NullPointerException">java.lang.NullPointerException
	at java.lang.ProcessBuilder.start(ProcessBuilder.java:1012)
	at org.apache.hadoop.util.Shell.runCommand(Shell.java:483)
	at org.apache.hadoop.util.Shell.run(Shell.java:456)
	at org.apache.hadoop.util.Shell$ShellCommandExecutor.execute(Shell.java:722)
	at org.apache.hadoop.util.Shell.execCommand(Shell.java:815)
	at org.apache.hadoop.util.Shell.execCommand(Shell.java:798)
	at org.apache.hadoop.fs.RawLocalFileSystem.setPermission(RawLocalFileSystem.java:731)
	at org.apache.hadoop.fs.RawLocalFileSystem$LocalFSFileOutputStream.&lt;init&gt;(RawLocalFileSystem.java:225)
	at org.apache.hadoop.fs.RawLocalFileSystem$LocalFSFileOutputStream.&lt;init&gt;(RawLocalFileSystem.java:209)
	at org.apache.hadoop.fs.RawLocalFileSystem.createOutputStreamWithMode(RawLocalFileSystem.java:305)
	at org.apache.hadoop.fs.RawLocalFileSystem.create(RawLocalFileSystem.java:294)
	at org.apache.hadoop.fs.RawLocalFileSystem.create(RawLocalFileSystem.java:326)
	at org.apache.hadoop.fs.ChecksumFileSystem$ChecksumFSOutputSummer.&lt;init&gt;(ChecksumFileSystem.java:393)
	at org.apache.hadoop.fs.ChecksumFileSystem.create(ChecksumFileSystem.java:456)
	at org.apache.hadoop.fs.ChecksumFileSystem.create(ChecksumFileSystem.java:435)
	at org.apache.hadoop.fs.FileSystem.create(FileSystem.java:909)
	at org.apache.hadoop.io.SequenceFile$Writer.&lt;init&gt;(SequenceFile.java:1135)
	at org.apache.hadoop.io.SequenceFile$RecordCompressWriter.&lt;init&gt;(SequenceFile.java:1441)
	at org.apache.hadoop.io.SequenceFile.createWriter(SequenceFile.java:275)
	at org.apache.hadoop.io.MapFile$Writer.&lt;init&gt;(MapFile.java:275)
	at org.apache.hadoop.io.MapFile$Writer.&lt;init&gt;(MapFile.java:105)
	at com.xxx.hadoop1.TestMapFile.testWrite(TestMapFile.java:27)
</failure>
  </testcase>
  <testcase classname="com.xxx.hadoop1.TestMapFile" name="com.xxx.hadoop1.TestMapFile.testReader" time="0.045">
    <failure type="java.io.EOFException">java.io.EOFException
	at java.io.DataInputStream.readFully(DataInputStream.java:197)
	at java.io.DataInputStream.readFully(DataInputStream.java:169)
	at org.apache.hadoop.io.SequenceFile$Reader.init(SequenceFile.java:1915)
	at org.apache.hadoop.io.SequenceFile$Reader.initialize(SequenceFile.java:1880)
	at org.apache.hadoop.io.SequenceFile$Reader.&lt;init&gt;(SequenceFile.java:1829)
	at org.apache.hadoop.io.MapFile$Reader.createDataFileReader(MapFile.java:456)
	at org.apache.hadoop.io.MapFile$Reader.open(MapFile.java:429)
	at org.apache.hadoop.io.MapFile$Reader.&lt;init&gt;(MapFile.java:399)
	at org.apache.hadoop.io.MapFile$Reader.&lt;init&gt;(MapFile.java:408)
	at com.xxx.hadoop1.TestMapFile.testReader(TestMapFile.java:43)
</failure>
  </testcase>
</testsuite>